[2022-04-19 18:08:48.373] [exthost] [info] Extension host with pid 40465 started
[2022-04-19 18:08:48.378] [exthost] [info] Lock '/home/kavin/dockerfiles/CS490container/.vscode-server/data/User/workspaceStorage/d5310110bfd3d7f7a6d0ef6fc23051e6/vscode.lock': Lock acquired.
[2022-04-19 18:08:48.543] [exthost] [info] ExtensionService#_doActivateExtension vscode.php-language-features, startup: false, activationEvent: 'onLanguage:php'
[2022-04-19 18:08:48.558] [exthost] [info] ExtensionService#_doActivateExtension vscode.debug-auto-launch, startup: true, activationEvent: '*'
[2022-04-19 18:08:48.561] [exthost] [info] ExtensionService#_doActivateExtension vscode.git-base, startup: true, activationEvent: '*', root cause: vscode.git
[2022-04-19 18:08:48.564] [exthost] [info] ExtensionService#_doActivateExtension vscode.ipynb, startup: true, activationEvent: '*'
[2022-04-19 18:08:48.614] [exthost] [info] ExtensionService#_doActivateExtension vscode.git, startup: true, activationEvent: '*'
[2022-04-19 18:08:48.679] [exthost] [info] ExtensionService#_doActivateExtension vscode.github, startup: true, activationEvent: '*'
[2022-04-19 18:08:48.758] [exthost] [info] ExtensionService#_doActivateExtension vscode.emmet, startup: false, activationEvent: 'onStartupFinished'
[2022-04-19 18:08:48.775] [exthost] [info] ExtensionService#_doActivateExtension vscode.merge-conflict, startup: false, activationEvent: 'onStartupFinished'
[2022-04-19 18:08:48.779] [exthost] [info] Eager extensions activated
[2022-04-19 18:09:30.613] [exthost] [info] ExtensionService#_doActivateExtension vscode.css-language-features, startup: false, activationEvent: 'onLanguage:css'
[2022-04-19 18:19:36.157] [exthost] [info] ExtensionService#_doActivateExtension vscode.html-language-features, startup: false, activationEvent: 'onLanguage:html'
[2022-04-19 18:57:05.189] [exthost] [error] [vscode.emmet] provider FAILED
[2022-04-19 18:57:05.191] [exthost] [error] Error: Unable to consume quoted string at char 2541
	at r.error (/home/kavin/dockerfiles/CS490container/.vscode-server/bin/dfd34e8260c270da74b5c2d86d61aee4b6d56977/extensions/emmet/dist/node/emmetNodeMain.js:1:22545)
	at o (/home/kavin/dockerfiles/CS490container/.vscode-server/bin/dfd34e8260c270da74b5c2d86d61aee4b6d56977/extensions/emmet/dist/node/emmetNodeMain.js:1:21216)
	at f (/home/kavin/dockerfiles/CS490container/.vscode-server/bin/dfd34e8260c270da74b5c2d86d61aee4b6d56977/extensions/emmet/dist/node/emmetNodeMain.js:1:21643)
	at u (/home/kavin/dockerfiles/CS490container/.vscode-server/bin/dfd34e8260c270da74b5c2d86d61aee4b6d56977/extensions/emmet/dist/node/emmetNodeMain.js:1:14499)
	at f (/home/kavin/dockerfiles/CS490container/.vscode-server/bin/dfd34e8260c270da74b5c2d86d61aee4b6d56977/extensions/emmet/dist/node/emmetNodeMain.js:1:14730)
	at /home/kavin/dockerfiles/CS490container/.vscode-server/bin/dfd34e8260c270da74b5c2d86d61aee4b6d56977/extensions/emmet/dist/node/emmetNodeMain.js:1:15187
	at m (/home/kavin/dockerfiles/CS490container/.vscode-server/bin/dfd34e8260c270da74b5c2d86d61aee4b6d56977/extensions/emmet/dist/node/emmetNodeMain.js:1:15271)
	at E (/home/kavin/dockerfiles/CS490container/.vscode-server/bin/dfd34e8260c270da74b5c2d86d61aee4b6d56977/extensions/emmet/dist/node/emmetNodeMain.js:1:16189)
	at _ (/home/kavin/dockerfiles/CS490container/.vscode-server/bin/dfd34e8260c270da74b5c2d86d61aee4b6d56977/extensions/emmet/dist/node/emmetNodeMain.js:1:16599)
	at t.getRootNode (/home/kavin/dockerfiles/CS490container/.vscode-server/bin/dfd34e8260c270da74b5c2d86d61aee4b6d56977/extensions/emmet/dist/node/emmetNodeMain.js:1:201138)
	at t.DefaultCompletionItemProvider.provideCompletionItemsInternal (/home/kavin/dockerfiles/CS490container/.vscode-server/bin/dfd34e8260c270da74b5c2d86d61aee4b6d56977/extensions/emmet/dist/node/emmetNodeMain.js:1:186881)
	at t.DefaultCompletionItemProvider.provideCompletionItems (/home/kavin/dockerfiles/CS490container/.vscode-server/bin/dfd34e8260c270da74b5c2d86d61aee4b6d56977/extensions/emmet/dist/node/emmetNodeMain.js:1:185653)
	at X.provideCompletionItems (/home/kavin/dockerfiles/CS490container/.vscode-server/bin/dfd34e8260c270da74b5c2d86d61aee4b6d56977/out/vs/workbench/api/node/extensionHostProcess.js:85:108946)
	at /home/kavin/dockerfiles/CS490container/.vscode-server/bin/dfd34e8260c270da74b5c2d86d61aee4b6d56977/out/vs/workbench/api/node/extensionHostProcess.js:85:132925
	at Q._withAdapter (/home/kavin/dockerfiles/CS490container/.vscode-server/bin/dfd34e8260c270da74b5c2d86d61aee4b6d56977/out/vs/workbench/api/node/extensionHostProcess.js:85:123102)
	at Q.$provideCompletionItems (/home/kavin/dockerfiles/CS490container/.vscode-server/bin/dfd34e8260c270da74b5c2d86d61aee4b6d56977/out/vs/workbench/api/node/extensionHostProcess.js:85:132901)
	at i._doInvokeHandler (/home/kavin/dockerfiles/CS490container/.vscode-server/bin/dfd34e8260c270da74b5c2d86d61aee4b6d56977/out/vs/workbench/api/node/extensionHostProcess.js:89:13826)
	at i._invokeHandler (/home/kavin/dockerfiles/CS490container/.vscode-server/bin/dfd34e8260c270da74b5c2d86d61aee4b6d56977/out/vs/workbench/api/node/extensionHostProcess.js:89:13510)
	at i._receiveRequest (/home/kavin/dockerfiles/CS490container/.vscode-server/bin/dfd34e8260c270da74b5c2d86d61aee4b6d56977/out/vs/workbench/api/node/extensionHostProcess.js:89:12119)
	at i._receiveOneMessage (/home/kavin/dockerfiles/CS490container/.vscode-server/bin/dfd34e8260c270da74b5c2d86d61aee4b6d56977/out/vs/workbench/api/node/extensionHostProcess.js:89:10841)
	at /home/kavin/dockerfiles/CS490container/.vscode-server/bin/dfd34e8260c270da74b5c2d86d61aee4b6d56977/out/vs/workbench/api/node/extensionHostProcess.js:89:8947
	at u.invoke (/home/kavin/dockerfiles/CS490container/.vscode-server/bin/dfd34e8260c270da74b5c2d86d61aee4b6d56977/out/vs/workbench/api/node/extensionHostProcess.js:58:145)
	at v.fire (/home/kavin/dockerfiles/CS490container/.vscode-server/bin/dfd34e8260c270da74b5c2d86d61aee4b6d56977/out/vs/workbench/api/node/extensionHostProcess.js:58:1856)
	at d.fire (/home/kavin/dockerfiles/CS490container/.vscode-server/bin/dfd34e8260c270da74b5c2d86d61aee4b6d56977/out/vs/workbench/api/node/extensionHostProcess.js:66:19034)
	at /home/kavin/dockerfiles/CS490container/.vscode-server/bin/dfd34e8260c270da74b5c2d86d61aee4b6d56977/out/vs/workbench/api/node/extensionHostProcess.js:104:34275
	at u.invoke (/home/kavin/dockerfiles/CS490container/.vscode-server/bin/dfd34e8260c270da74b5c2d86d61aee4b6d56977/out/vs/workbench/api/node/extensionHostProcess.js:58:145)
	at v.fire (/home/kavin/dockerfiles/CS490container/.vscode-server/bin/dfd34e8260c270da74b5c2d86d61aee4b6d56977/out/vs/workbench/api/node/extensionHostProcess.js:58:1856)
	at d.fire (/home/kavin/dockerfiles/CS490container/.vscode-server/bin/dfd34e8260c270da74b5c2d86d61aee4b6d56977/out/vs/workbench/api/node/extensionHostProcess.js:66:19034)
	at o._receiveMessage (/home/kavin/dockerfiles/CS490container/.vscode-server/bin/dfd34e8260c270da74b5c2d86d61aee4b6d56977/out/vs/workbench/api/node/extensionHostProcess.js:66:23615)
	at /home/kavin/dockerfiles/CS490container/.vscode-server/bin/dfd34e8260c270da74b5c2d86d61aee4b6d56977/out/vs/workbench/api/node/extensionHostProcess.js:66:21149
	at u.invoke (/home/kavin/dockerfiles/CS490container/.vscode-server/bin/dfd34e8260c270da74b5c2d86d61aee4b6d56977/out/vs/workbench/api/node/extensionHostProcess.js:58:145)
	at v.fire (/home/kavin/dockerfiles/CS490container/.vscode-server/bin/dfd34e8260c270da74b5c2d86d61aee4b6d56977/out/vs/workbench/api/node/extensionHostProcess.js:58:1856)
	at v.acceptChunk (/home/kavin/dockerfiles/CS490container/.vscode-server/bin/dfd34e8260c270da74b5c2d86d61aee4b6d56977/out/vs/workbench/api/node/extensionHostProcess.js:66:15865)
	at /home/kavin/dockerfiles/CS490container/.vscode-server/bin/dfd34e8260c270da74b5c2d86d61aee4b6d56977/out/vs/workbench/api/node/extensionHostProcess.js:66:14995
	at u.invoke (/home/kavin/dockerfiles/CS490container/.vscode-server/bin/dfd34e8260c270da74b5c2d86d61aee4b6d56977/out/vs/workbench/api/node/extensionHostProcess.js:58:145)
	at v.fire (/home/kavin/dockerfiles/CS490container/.vscode-server/bin/dfd34e8260c270da74b5c2d86d61aee4b6d56977/out/vs/workbench/api/node/extensionHostProcess.js:58:1856)
	at l._processReadQueue (/home/kavin/dockerfiles/CS490container/.vscode-server/bin/dfd34e8260c270da74b5c2d86d61aee4b6d56977/out/vs/workbench/api/node/extensionHostProcess.js:104:21279)
[2022-04-19 19:51:37.390] [exthost] [info] extension host terminating: received terminate message from renderer
[2022-04-19 19:51:37.391] [exthost] [info] Lock '/home/kavin/dockerfiles/CS490container/.vscode-server/data/User/workspaceStorage/d5310110bfd3d7f7a6d0ef6fc23051e6/vscode.lock': Marking the lockfile as scheduled to be released in 6000 ms.
[2022-04-19 19:51:37.409] [exthost] [info] Extension host with pid 40465 exiting with code 0
