*
* Visual Studio Code Server
*
* By using the software, you agree to
* the Visual Studio Code Server License Terms (https://aka.ms/vscode-server-license) and
* the Microsoft Privacy Statement (https://privacy.microsoft.com/en-US/privacystatement).
*
Server bound to 127.0.0.1:34507 (IPv4)
Extension host agent listening on 34507

[16:13:15] Extension host agent started.
[16:13:15] [127.0.0.1][113226ca][ManagementConnection] New connection established.
[16:13:15] [127.0.0.1][0424e47b][ExtensionHostConnection] New connection established.
[16:13:15] [127.0.0.1][0424e47b][ExtensionHostConnection] <22403> Launched Extension Host Process.
Overwriting extension /home/kavin/dockerfiles/CS490container/.vscode-server/bin/8dfae7a5cd50421d10cd99cb873990460525a898/extensions/ms-vscode.js-debug-companion with /home/kavin/dockerfiles/CS490container/.vscode-server/extensions/ms-vscode.js-debug-companion-1.0.17.
Overwriting extension /home/kavin/dockerfiles/CS490container/.vscode-server/bin/8dfae7a5cd50421d10cd99cb873990460525a898/extensions/ms-vscode.references-view with /home/kavin/dockerfiles/CS490container/.vscode-server/extensions/ms-vscode.references-view-0.0.89.
[IPC Library: Pty Host]  WARN Shell integration cannot be enabled for executable "/bin/sh" and args [
  '-c',
  'wget --version > /dev/null\n' +
    'if [ $? -eq 0 ]\n' +
    'then\n' +
    "\twget --connect-timeout=7 --tries=1 --dns-timeout=7 -q --header='Metadata:true' -O - http://169.254.169.254/metadata/instance?api-version=2019-03-11\n" +
    'else\n' +
    '\tcurl --version > /dev/null\n' +
    '\tif [ $? -eq 0 ]\n' +
    '\tthen\n' +
    "\t\tcurl --connect-timeout 7 -s --header='Metadata:true' http://169.254.169.254/metadata/instance?api-version=2019-03-11\n" +
    '\tfi\n' +
    'fi\n' +
    'exit 0'
]
[IPC Library: Pty Host]  WARN Shell integration cannot be enabled for executable "/bin/sh" and args [
  '-c',
  'wget --version > /dev/null\n' +
    'if [ $? -eq 0 ]\n' +
    'then\n' +
    '\twget --connect-timeout=7 --tries=1 --dns-timeout=7 -q  -O - http://169.254.169.254/latest/meta-data/instance-id\n' +
    'else\n' +
    '\tcurl --version > /dev/null\n' +
    '\tif [ $? -eq 0 ]\n' +
    '\tthen\n' +
    '\t\tcurl --connect-timeout 7 -s  http://169.254.169.254/latest/meta-data/instance-id\n' +
    '\tfi\n' +
    'fi\n' +
    'exit 0'
]
[IPC Library: Pty Host]  WARN Shell integration cannot be enabled for executable "/bin/sh" and args [
  '-c',
  'wget --version > /dev/null\n' +
    'if [ $? -eq 0 ]\n' +
    'then\n' +
    '\twget --connect-timeout=7 --tries=1 --dns-timeout=7 -q  -O - http://169.254.169.254/metadata/v1/id\n' +
    'else\n' +
    '\tcurl --version > /dev/null\n' +
    '\tif [ $? -eq 0 ]\n' +
    '\tthen\n' +
    '\t\tcurl --connect-timeout 7 -s  http://169.254.169.254/metadata/v1/id\n' +
    '\tfi\n' +
    'fi\n' +
    'exit 0'
]
[IPC Library: Pty Host]  WARN Shell integration cannot be enabled for executable "/bin/sh" and args [
  '-c',
  'wget --version > /dev/null\n' +
    'if [ $? -eq 0 ]\n' +
    'then\n' +
    "\twget --connect-timeout=7 --tries=1 --dns-timeout=7 -q --header='Metadata-Flavor:Google' -O - http://metadata.google.internal/computeMetadata/v1/instance/id\n" +
    'else\n' +
    '\tcurl --version > /dev/null\n' +
    '\tif [ $? -eq 0 ]\n' +
    '\tthen\n' +
    "\t\tcurl --connect-timeout 7 -s --header='Metadata-Flavor:Google' http://metadata.google.internal/computeMetadata/v1/instance/id\n" +
    '\tfi\n' +
    'fi\n' +
    'exit 0'
]
[IPC Library: Pty Host]  WARN Shell integration cannot be enabled for executable "/bin/bash" and args []
[16:13:19] Getting Manifest... ms-azuretools.vscode-docker
[16:13:19] Installing extension: ms-azuretools.vscode-docker
[16:13:19] Downloaded extension: ms-azuretools.vscode-docker /home/kavin/dockerfiles/CS490container/.vscode-server/data/CachedExtensionVSIXs/ms-azuretools.vscode-docker-1.22.0
[16:13:19] Extracted extension to /home/kavin/dockerfiles/CS490container/.vscode-server/extensions/.41c40d6b-09b8-4a6f-8600-c02d2bff4f1c: ms-azuretools.vscode-docker
[16:13:19] Renamed to /home/kavin/dockerfiles/CS490container/.vscode-server/extensions/ms-azuretools.vscode-docker-1.22.0
[16:13:19] Extracting completed. ms-azuretools.vscode-docker
[16:13:19] Extension installed successfully: ms-azuretools.vscode-docker
[IPC Library: Pty Host]  WARN Shell integration cannot be enabled for executable "/usr/bin/bash" and args undefined
[16:14:08] [127.0.0.1][113226ca][ManagementConnection] The client has disconnected gracefully, so the connection will be disposed.
[16:14:08] [127.0.0.1][0424e47b][ExtensionHostConnection] <22403> Extension Host Process exited with code: 0, signal: null.
Last EH closed, waiting before shutting down
[16:14:08] Last EH closed, waiting before shutting down
Last EH closed, shutting down
[16:19:08] Last EH closed, shutting down
