*
* Visual Studio Code Server
*
* By using the software, you agree to
* the Visual Studio Code Server License Terms (https://aka.ms/vscode-server-license) and
* the Microsoft Privacy Statement (https://privacy.microsoft.com/en-US/privacystatement).
*
Server bound to 127.0.0.1:45349 (IPv4)
Extension host agent listening on 45349

[22:47:59] Extension host agent started.
[22:47:59] [127.0.0.1][bd8c8f55][ManagementConnection] New connection established.
[22:47:59] [127.0.0.1][e53fac40][ExtensionHostConnection] New connection established.
[22:47:59] [127.0.0.1][e53fac40][ExtensionHostConnection] <3660603> Launched Extension Host Process.
Overwriting extension /home/kavin/dockerfiles/CS490container/.vscode-server/bin/dfd34e8260c270da74b5c2d86d61aee4b6d56977/extensions/ms-vscode.js-debug-companion with /home/kavin/dockerfiles/CS490container/.vscode-server/extensions/ms-vscode.js-debug-companion-1.0.17.
Overwriting extension /home/kavin/dockerfiles/CS490container/.vscode-server/bin/dfd34e8260c270da74b5c2d86d61aee4b6d56977/extensions/ms-vscode.references-view with /home/kavin/dockerfiles/CS490container/.vscode-server/extensions/ms-vscode.references-view-0.0.89.
[IPC Library: Pty Host]  WARN Shell integration cannot be enabled for executable "/bin/sh" and args [
  '-c',
  'wget --version > /dev/null\n' +
    'if [ $? -eq 0 ]\n' +
    'then\n' +
    "\twget --connect-timeout=7 --tries=1 --dns-timeout=7 -q --header='Metadata:true' -O - http://169.254.169.254/metadata/instance?api-version=2019-03-11\n" +
    'else\n' +
    '\tcurl --version > /dev/null\n' +
    '\tif [ $? -eq 0 ]\n' +
    '\tthen\n' +
    "\t\tcurl --connect-timeout 7 -s --header='Metadata:true' http://169.254.169.254/metadata/instance?api-version=2019-03-11\n" +
    '\tfi\n' +
    'fi\n' +
    'exit 0'
]
[IPC Library: Pty Host]  WARN Shell integration cannot be enabled for executable "/bin/sh" and args [
  '-c',
  'wget --version > /dev/null\n' +
    'if [ $? -eq 0 ]\n' +
    'then\n' +
    '\twget --connect-timeout=7 --tries=1 --dns-timeout=7 -q  -O - http://169.254.169.254/latest/meta-data/instance-id\n' +
    'else\n' +
    '\tcurl --version > /dev/null\n' +
    '\tif [ $? -eq 0 ]\n' +
    '\tthen\n' +
    '\t\tcurl --connect-timeout 7 -s  http://169.254.169.254/latest/meta-data/instance-id\n' +
    '\tfi\n' +
    'fi\n' +
    'exit 0'
]
[IPC Library: Pty Host]  WARN Shell integration cannot be enabled for executable "/bin/sh" and args [
  '-c',
  'wget --version > /dev/null\n' +
    'if [ $? -eq 0 ]\n' +
    'then\n' +
    '\twget --connect-timeout=7 --tries=1 --dns-timeout=7 -q  -O - http://169.254.169.254/metadata/v1/id\n' +
    'else\n' +
    '\tcurl --version > /dev/null\n' +
    '\tif [ $? -eq 0 ]\n' +
    '\tthen\n' +
    '\t\tcurl --connect-timeout 7 -s  http://169.254.169.254/metadata/v1/id\n' +
    '\tfi\n' +
    'fi\n' +
    'exit 0'
]
[IPC Library: Pty Host]  WARN Shell integration cannot be enabled for executable "/bin/sh" and args [
  '-c',
  'wget --version > /dev/null\n' +
    'if [ $? -eq 0 ]\n' +
    'then\n' +
    "\twget --connect-timeout=7 --tries=1 --dns-timeout=7 -q --header='Metadata-Flavor:Google' -O - http://metadata.google.internal/computeMetadata/v1/instance/id\n" +
    'else\n' +
    '\tcurl --version > /dev/null\n' +
    '\tif [ $? -eq 0 ]\n' +
    '\tthen\n' +
    "\t\tcurl --connect-timeout 7 -s --header='Metadata-Flavor:Google' http://metadata.google.internal/computeMetadata/v1/instance/id\n" +
    '\tfi\n' +
    'fi\n' +
    'exit 0'
]
rejected promise not handled within 1 second: Error: Could not find pty on pty host
stack trace: Error: Could not find pty on pty host,    at C._throwIfNoPty (/home/kavin/dockerfiles/CS490container/.vscode-server/bin/dfd34e8260c270da74b5c2d86d61aee4b6d56977/out/vs/platform/terminal/node/ptyHostMain.js:20:5336),    at C.updateTitle (/home/kavin/dockerfiles/CS490container/.vscode-server/bin/dfd34e8260c270da74b5c2d86d61aee4b6d56977/out/vs/platform/terminal/node/ptyHostMain.js:20:1676),    at Object.call (/home/kavin/dockerfiles/CS490container/.vscode-server/bin/dfd34e8260c270da74b5c2d86d61aee4b6d56977/out/vs/platform/terminal/node/ptyHostMain.js:13:8332),    at E.onPromise (/home/kavin/dockerfiles/CS490container/.vscode-server/bin/dfd34e8260c270da74b5c2d86d61aee4b6d56977/out/vs/platform/terminal/node/ptyHostMain.js:12:4867),    at E.onRawMessage (/home/kavin/dockerfiles/CS490container/.vscode-server/bin/dfd34e8260c270da74b5c2d86d61aee4b6d56977/out/vs/platform/terminal/node/ptyHostMain.js:12:4262),    at /home/kavin/dockerfiles/CS490container/.vscode-server/bin/dfd34e8260c270da74b5c2d86d61aee4b6d56977/out/vs/platform/terminal/node/ptyHostMain.js:12:3554,    at L.invoke (/home/kavin/dockerfiles/CS490container/.vscode-server/bin/dfd34e8260c270da74b5c2d86d61aee4b6d56977/out/vs/platform/terminal/node/ptyHostMain.js:8:145),    at l.fire (/home/kavin/dockerfiles/CS490container/.vscode-server/bin/dfd34e8260c270da74b5c2d86d61aee4b6d56977/out/vs/platform/terminal/node/ptyHostMain.js:8:1856),    at process.U (/home/kavin/dockerfiles/CS490container/.vscode-server/bin/dfd34e8260c270da74b5c2d86d61aee4b6d56977/out/vs/platform/terminal/node/ptyHostMain.js:6:34661),    at process.emit (node:events:390:28),    at emit (node:internal/child_process:917:12),    at processTicksAndRejections (node:internal/process/task_queues:84:21)
[22:48:01] [Error: Could not find pty on pty host,    at C._throwIfNoPty (/home/kavin/dockerfiles/CS490container/.vscode-server/bin/dfd34e8260c270da74b5c2d86d61aee4b6d56977/out/vs/platform/terminal/node/ptyHostMain.js:20:5336),    at C.updateTitle (/home/kavin/dockerfiles/CS490container/.vscode-server/bin/dfd34e8260c270da74b5c2d86d61aee4b6d56977/out/vs/platform/terminal/node/ptyHostMain.js:20:1676),    at Object.call (/home/kavin/dockerfiles/CS490container/.vscode-server/bin/dfd34e8260c270da74b5c2d86d61aee4b6d56977/out/vs/platform/terminal/node/ptyHostMain.js:13:8332),    at E.onPromise (/home/kavin/dockerfiles/CS490container/.vscode-server/bin/dfd34e8260c270da74b5c2d86d61aee4b6d56977/out/vs/platform/terminal/node/ptyHostMain.js:12:4867),    at E.onRawMessage (/home/kavin/dockerfiles/CS490container/.vscode-server/bin/dfd34e8260c270da74b5c2d86d61aee4b6d56977/out/vs/platform/terminal/node/ptyHostMain.js:12:4262),    at /home/kavin/dockerfiles/CS490container/.vscode-server/bin/dfd34e8260c270da74b5c2d86d61aee4b6d56977/out/vs/platform/terminal/node/ptyHostMain.js:12:3554,    at L.invoke (/home/kavin/dockerfiles/CS490container/.vscode-server/bin/dfd34e8260c270da74b5c2d86d61aee4b6d56977/out/vs/platform/terminal/node/ptyHostMain.js:8:145),    at l.fire (/home/kavin/dockerfiles/CS490container/.vscode-server/bin/dfd34e8260c270da74b5c2d86d61aee4b6d56977/out/vs/platform/terminal/node/ptyHostMain.js:8:1856),    at process.U (/home/kavin/dockerfiles/CS490container/.vscode-server/bin/dfd34e8260c270da74b5c2d86d61aee4b6d56977/out/vs/platform/terminal/node/ptyHostMain.js:6:34661),    at process.emit (node:events:390:28),    at emit (node:internal/child_process:917:12),    at processTicksAndRejections (node:internal/process/task_queues:84:21)]
[IPC Library: Pty Host]  WARN Shell integration cannot be enabled for executable "/bin/bash" and args []
[22:48:03] Getting Manifest... ms-vscode.js-debug-companion
[22:48:03] Installing extension: ms-vscode.js-debug-companion
[22:48:03] [127.0.0.1][bd8c8f55][ManagementConnection] The client has disconnected gracefully, so the connection will be disposed.
[22:48:03] [127.0.0.1][e53fac40][ExtensionHostConnection] <3660603> Extension Host Process exited with code: 0, signal: null.
Last EH closed, waiting before shutting down
[22:48:03] Last EH closed, waiting before shutting down
[22:48:03] Downloaded extension: ms-vscode.js-debug-companion /home/kavin/dockerfiles/CS490container/.vscode-server/data/CachedExtensionVSIXs/ms-vscode.js-debug-companion-1.0.18
[22:48:03] Extracted extension to /home/kavin/dockerfiles/CS490container/.vscode-server/extensions/.4c0791e4-6f38-4a46-8585-162fe3d813d6: ms-vscode.js-debug-companion
[22:48:03] Renamed to /home/kavin/dockerfiles/CS490container/.vscode-server/extensions/ms-vscode.js-debug-companion-1.0.18
[22:48:03] Extracting completed. ms-vscode.js-debug-companion
[22:48:03] Extension installed successfully: ms-vscode.js-debug-companion
Last EH closed, shutting down
[22:53:03] Last EH closed, shutting down
